This file contains any messages produced by compilers while
running configure, to aid debugging if configure makes a mistake.

It was created by logkeys configure 0.1.1b-svn, which was
generated by GNU Autoconf 2.69.  Invocation command line was

  $ ../configure 

## --------- ##
## Platform. ##
## --------- ##

hostname = mugsy00
uname -m = armv7l
uname -r = 4.14.79-v7+
uname -s = Linux
uname -v = #1159 SMP Sun Nov 4 17:50:20 GMT 2018

/usr/bin/uname -p = unknown
/bin/uname -X     = unknown

/bin/arch              = unknown
/usr/bin/arch -k       = unknown
/usr/convex/getsysinfo = unknown
/usr/bin/hostinfo      = unknown
/bin/machine           = unknown
/usr/bin/oslevel       = unknown
/bin/universe          = unknown

PATH: /usr/local/sbin
PATH: /usr/local/bin
PATH: /usr/sbin
PATH: /usr/bin
PATH: /sbin
PATH: /bin
PATH: /usr/local/games
PATH: /usr/games


## ----------- ##
## Core tests. ##
## ----------- ##

configure:2261: checking for a BSD-compatible install
configure:2329: result: /usr/bin/install -c
configure:2340: checking whether build environment is sane
configure:2395: result: yes
configure:2433: WARNING: 'missing' script is too old or missing
configure:2546: checking for a thread-safe mkdir -p
configure:2585: result: /bin/mkdir -p
configure:2592: checking for gawk
configure:2608: found /usr/bin/gawk
configure:2619: result: gawk
configure:2630: checking whether make sets $(MAKE)
configure:2652: result: yes
configure:2681: checking whether make supports nested variables
configure:2698: result: yes
configure:2887: checking for g++
configure:2903: found /usr/bin/g++
configure:2914: result: g++
configure:2941: checking for C++ compiler version
configure:2950: g++ --version >&5
g++ (Raspbian 6.3.0-18+rpi1+deb9u1) 6.3.0 20170516
Copyright (C) 2016 Free Software Foundation, Inc.
This is free software; see the source for copying conditions.  There is NO
warranty; not even for MERCHANTABILITY or FITNESS FOR A PARTICULAR PURPOSE.

configure:2961: $? = 0
configure:2950: g++ -v >&5
Using built-in specs.
COLLECT_GCC=g++
COLLECT_LTO_WRAPPER=/usr/lib/gcc/arm-linux-gnueabihf/6/lto-wrapper
Target: arm-linux-gnueabihf
Configured with: ../src/configure -v --with-pkgversion='Raspbian 6.3.0-18+rpi1+deb9u1' --with-bugurl=file:///usr/share/doc/gcc-6/README.Bugs --enable-languages=c,ada,c++,java,go,d,fortran,objc,obj-c++ --prefix=/usr --program-suffix=-6 --program-prefix=arm-linux-gnueabihf- --enable-shared --enable-linker-build-id --libexecdir=/usr/lib --without-included-gettext --enable-threads=posix --libdir=/usr/lib --enable-nls --with-sysroot=/ --enable-clocale=gnu --enable-libstdcxx-debug --enable-libstdcxx-time=yes --with-default-libstdcxx-abi=new --enable-gnu-unique-object --disable-libitm --disable-libquadmath --enable-plugin --with-system-zlib --disable-browser-plugin --enable-java-awt=gtk --enable-gtk-cairo --with-java-home=/usr/lib/jvm/java-1.5.0-gcj-6-armhf/jre --enable-java-home --with-jvm-root-dir=/usr/lib/jvm/java-1.5.0-gcj-6-armhf --with-jvm-jar-dir=/usr/lib/jvm-exports/java-1.5.0-gcj-6-armhf --with-arch-directory=arm --with-ecj-jar=/usr/share/java/eclipse-ecj.jar --with-target-system-zlib --enable-objc-gc=auto --enable-multiarch --disable-sjlj-exceptions --with-arch=armv6 --with-fpu=vfp --with-float=hard --enable-checking=release --build=arm-linux-gnueabihf --host=arm-linux-gnueabihf --target=arm-linux-gnueabihf
Thread model: posix
gcc version 6.3.0 20170516 (Raspbian 6.3.0-18+rpi1+deb9u1) 
configure:2961: $? = 0
configure:2950: g++ -V >&5
g++: error: unrecognized command line option '-V'
g++: fatal error: no input files
compilation terminated.
configure:2961: $? = 1
configure:2950: g++ -qversion >&5
g++: error: unrecognized command line option '-qversion'; did you mean '--version'?
g++: fatal error: no input files
compilation terminated.
configure:2961: $? = 1
configure:2981: checking whether the C++ compiler works
configure:3003: g++    conftest.cpp  >&5
configure:3007: $? = 0
configure:3055: result: yes
configure:3058: checking for C++ compiler default output file name
configure:3060: result: a.out
configure:3066: checking for suffix of executables
configure:3073: g++ -o conftest    conftest.cpp  >&5
configure:3077: $? = 0
configure:3099: result: 
configure:3121: checking whether we are cross compiling
configure:3129: g++ -o conftest    conftest.cpp  >&5
configure:3133: $? = 0
configure:3140: ./conftest
configure:3144: $? = 0
configure:3159: result: no
configure:3164: checking for suffix of object files
configure:3186: g++ -c   conftest.cpp >&5
configure:3190: $? = 0
configure:3211: result: o
configure:3215: checking whether we are using the GNU C++ compiler
configure:3234: g++ -c   conftest.cpp >&5
configure:3234: $? = 0
configure:3243: result: yes
configure:3252: checking whether g++ accepts -g
configure:3272: g++ -c -g  conftest.cpp >&5
configure:3272: $? = 0
configure:3313: result: yes
configure:3347: checking for style of include used by make
configure:3375: result: GNU
configure:3401: checking dependency style of g++
configure:3512: result: gcc3
configure:3528: checking whether make sets $(MAKE)
configure:3550: result: yes
configure:3570: checking for which
configure:3586: found /usr/bin/which
configure:3598: result: yes
configure:3612: checking for grep
configure:3628: found /bin/grep
configure:3640: result: yes
configure:3659: checking for ps
configure:3675: found /bin/ps
configure:3687: result: yes
configure:3706: checking for dumpkeys
configure:3722: found /usr/bin/dumpkeys
configure:3734: result: yes
configure:3753: checking for /dev/input
configure:3766: result: yes
configure:3775: checking for /proc/bus/input/devices
configure:3788: result: yes
configure:3806: checking how to run the C++ preprocessor
configure:3833: g++ -E  conftest.cpp
configure:3833: $? = 0
configure:3847: g++ -E  conftest.cpp
conftest.cpp:14:28: fatal error: ac_nonexistent.h: No such file or directory
 #include <ac_nonexistent.h>
                            ^
compilation terminated.
configure:3847: $? = 1
configure: failed program was:
| /* confdefs.h */
| #define PACKAGE_NAME "logkeys"
| #define PACKAGE_TARNAME "logkeys"
| #define PACKAGE_VERSION "0.1.1b-svn"
| #define PACKAGE_STRING "logkeys 0.1.1b-svn"
| #define PACKAGE_BUGREPORT "kerncece+logkeys@gmail.com"
| #define PACKAGE_URL "https://github.com/kernc/logkeys/"
| #define PACKAGE "logkeys"
| #define VERSION "0.1.1b-svn"
| #define EXE_GREP "/bin/grep"
| #define EXE_PS "/bin/ps"
| #define EXE_DUMPKEYS "/usr/bin/dumpkeys"
| /* end confdefs.h.  */
| #include <ac_nonexistent.h>
configure:3872: result: g++ -E
configure:3892: g++ -E  conftest.cpp
configure:3892: $? = 0
configure:3906: g++ -E  conftest.cpp
conftest.cpp:14:28: fatal error: ac_nonexistent.h: No such file or directory
 #include <ac_nonexistent.h>
                            ^
compilation terminated.
configure:3906: $? = 1
configure: failed program was:
| /* confdefs.h */
| #define PACKAGE_NAME "logkeys"
| #define PACKAGE_TARNAME "logkeys"
| #define PACKAGE_VERSION "0.1.1b-svn"
| #define PACKAGE_STRING "logkeys 0.1.1b-svn"
| #define PACKAGE_BUGREPORT "kerncece+logkeys@gmail.com"
| #define PACKAGE_URL "https://github.com/kernc/logkeys/"
| #define PACKAGE "logkeys"
| #define VERSION "0.1.1b-svn"
| #define EXE_GREP "/bin/grep"
| #define EXE_PS "/bin/ps"
| #define EXE_DUMPKEYS "/usr/bin/dumpkeys"
| /* end confdefs.h.  */
| #include <ac_nonexistent.h>
configure:3935: checking for grep that handles long lines and -e
configure:3993: result: /bin/grep
configure:3998: checking for egrep
configure:4060: result: /bin/grep -E
configure:4065: checking for ANSI C header files
configure:4085: g++ -c -g -O2  conftest.cpp >&5
configure:4085: $? = 0
configure:4158: g++ -o conftest -g -O2   conftest.cpp  >&5
configure:4158: $? = 0
configure:4158: ./conftest
configure:4158: $? = 0
configure:4169: result: yes
configure:4182: checking for sys/types.h
configure:4182: g++ -c -g -O2  conftest.cpp >&5
configure:4182: $? = 0
configure:4182: result: yes
configure:4182: checking for sys/stat.h
configure:4182: g++ -c -g -O2  conftest.cpp >&5
configure:4182: $? = 0
configure:4182: result: yes
configure:4182: checking for stdlib.h
configure:4182: g++ -c -g -O2  conftest.cpp >&5
configure:4182: $? = 0
configure:4182: result: yes
configure:4182: checking for string.h
configure:4182: g++ -c -g -O2  conftest.cpp >&5
configure:4182: $? = 0
configure:4182: result: yes
configure:4182: checking for memory.h
configure:4182: g++ -c -g -O2  conftest.cpp >&5
configure:4182: $? = 0
configure:4182: result: yes
configure:4182: checking for strings.h
configure:4182: g++ -c -g -O2  conftest.cpp >&5
configure:4182: $? = 0
configure:4182: result: yes
configure:4182: checking for inttypes.h
configure:4182: g++ -c -g -O2  conftest.cpp >&5
configure:4182: $? = 0
configure:4182: result: yes
configure:4182: checking for stdint.h
configure:4182: g++ -c -g -O2  conftest.cpp >&5
configure:4182: $? = 0
configure:4182: result: yes
configure:4182: checking for unistd.h
configure:4182: g++ -c -g -O2  conftest.cpp >&5
configure:4182: $? = 0
configure:4182: result: yes
configure:4197: checking cstdio usability
configure:4197: g++ -c -g -O2  conftest.cpp >&5
configure:4197: $? = 0
configure:4197: result: yes
configure:4197: checking cstdio presence
configure:4197: g++ -E  conftest.cpp
configure:4197: $? = 0
configure:4197: result: yes
configure:4197: checking for cstdio
configure:4197: result: yes
configure:4197: checking cerrno usability
configure:4197: g++ -c -g -O2  conftest.cpp >&5
configure:4197: $? = 0
configure:4197: result: yes
configure:4197: checking cerrno presence
configure:4197: g++ -E  conftest.cpp
configure:4197: $? = 0
configure:4197: result: yes
configure:4197: checking for cerrno
configure:4197: result: yes
configure:4197: checking cwchar usability
configure:4197: g++ -c -g -O2  conftest.cpp >&5
configure:4197: $? = 0
configure:4197: result: yes
configure:4197: checking cwchar presence
configure:4197: g++ -E  conftest.cpp
configure:4197: $? = 0
configure:4197: result: yes
configure:4197: checking for cwchar
configure:4197: result: yes
configure:4197: checking cstring usability
configure:4197: g++ -c -g -O2  conftest.cpp >&5
configure:4197: $? = 0
configure:4197: result: yes
configure:4197: checking cstring presence
configure:4197: g++ -E  conftest.cpp
configure:4197: $? = 0
configure:4197: result: yes
configure:4197: checking for cstring
configure:4197: result: yes
configure:4197: checking cassert usability
configure:4197: g++ -c -g -O2  conftest.cpp >&5
configure:4197: $? = 0
configure:4197: result: yes
configure:4197: checking cassert presence
configure:4197: g++ -E  conftest.cpp
configure:4197: $? = 0
configure:4197: result: yes
configure:4197: checking for cassert
configure:4197: result: yes
configure:4197: checking sstream usability
configure:4197: g++ -c -g -O2  conftest.cpp >&5
configure:4197: $? = 0
configure:4197: result: yes
configure:4197: checking sstream presence
configure:4197: g++ -E  conftest.cpp
configure:4197: $? = 0
configure:4197: result: yes
configure:4197: checking for sstream
configure:4197: result: yes
configure:4197: checking cstdlib usability
configure:4197: g++ -c -g -O2  conftest.cpp >&5
configure:4197: $? = 0
configure:4197: result: yes
configure:4197: checking cstdlib presence
configure:4197: g++ -E  conftest.cpp
configure:4197: $? = 0
configure:4197: result: yes
configure:4197: checking for cstdlib
configure:4197: result: yes
configure:4197: checking csignal usability
configure:4197: g++ -c -g -O2  conftest.cpp >&5
configure:4197: $? = 0
configure:4197: result: yes
configure:4197: checking csignal presence
configure:4197: g++ -E  conftest.cpp
configure:4197: $? = 0
configure:4197: result: yes
configure:4197: checking for csignal
configure:4197: result: yes
configure:4197: checking error.h usability
configure:4197: g++ -c -g -O2  conftest.cpp >&5
configure:4197: $? = 0
configure:4197: result: yes
configure:4197: checking error.h presence
configure:4197: g++ -E  conftest.cpp
configure:4197: $? = 0
configure:4197: result: yes
configure:4197: checking for error.h
configure:4197: result: yes
configure:4197: checking for unistd.h
configure:4197: result: yes
configure:4197: checking getopt.h usability
configure:4197: g++ -c -g -O2  conftest.cpp >&5
configure:4197: $? = 0
configure:4197: result: yes
configure:4197: checking getopt.h presence
configure:4197: g++ -E  conftest.cpp
configure:4197: $? = 0
configure:4197: result: yes
configure:4197: checking for getopt.h
configure:4197: result: yes
configure:4197: checking sys/file.h usability
configure:4197: g++ -c -g -O2  conftest.cpp >&5
configure:4197: $? = 0
configure:4197: result: yes
configure:4197: checking sys/file.h presence
configure:4197: g++ -E  conftest.cpp
configure:4197: $? = 0
configure:4197: result: yes
configure:4197: checking for sys/file.h
configure:4197: result: yes
configure:4197: checking for sys/stat.h
configure:4197: result: yes
configure:4197: checking linux/input.h usability
configure:4197: g++ -c -g -O2  conftest.cpp >&5
configure:4197: $? = 0
configure:4197: result: yes
configure:4197: checking linux/input.h presence
configure:4197: g++ -E  conftest.cpp
configure:4197: $? = 0
configure:4197: result: yes
configure:4197: checking for linux/input.h
configure:4197: result: yes
configure:4213: checking for stdbool.h that conforms to C99
configure:4280: g++ -c -g -O2  conftest.cpp >&5
conftest.cpp:41:15: error: expected unqualified-id before string constant
               "error: bool is not defined"
               ^~~~~~~~~~~~~~~~~~~~~~~~~~~~
conftest.cpp:59:48: error: 's' does not name a type
              struct s { _Bool s: 1; _Bool t; } s;
                                                ^
conftest.cpp:69:28: error: 's' was not declared in this scope
              char i[sizeof s.t];
                            ^
conftest.cpp: In function 'int main()':
conftest.cpp:87:24: error: 's' was not declared in this scope
              bool e = &s;
                        ^
conftest.cpp:91:63: error: 'i' was not declared in this scope
              return (!a + !b + !c + !d + !e + !f + !g + !h + !i + !!j + !k + !!l
                                                               ^
configure:4280: $? = 1
configure: failed program was:
| /* confdefs.h */
| #define PACKAGE_NAME "logkeys"
| #define PACKAGE_TARNAME "logkeys"
| #define PACKAGE_VERSION "0.1.1b-svn"
| #define PACKAGE_STRING "logkeys 0.1.1b-svn"
| #define PACKAGE_BUGREPORT "kerncece+logkeys@gmail.com"
| #define PACKAGE_URL "https://github.com/kernc/logkeys/"
| #define PACKAGE "logkeys"
| #define VERSION "0.1.1b-svn"
| #define EXE_GREP "/bin/grep"
| #define EXE_PS "/bin/ps"
| #define EXE_DUMPKEYS "/usr/bin/dumpkeys"
| #define STDC_HEADERS 1
| #define HAVE_SYS_TYPES_H 1
| #define HAVE_SYS_STAT_H 1
| #define HAVE_STDLIB_H 1
| #define HAVE_STRING_H 1
| #define HAVE_MEMORY_H 1
| #define HAVE_STRINGS_H 1
| #define HAVE_INTTYPES_H 1
| #define HAVE_STDINT_H 1
| #define HAVE_UNISTD_H 1
| #define HAVE_CSTDIO 1
| #define HAVE_CERRNO 1
| #define HAVE_CWCHAR 1
| #define HAVE_CSTRING 1
| #define HAVE_CASSERT 1
| #define HAVE_SSTREAM 1
| #define HAVE_CSTDLIB 1
| #define HAVE_CSIGNAL 1
| #define HAVE_ERROR_H 1
| #define HAVE_UNISTD_H 1
| #define HAVE_GETOPT_H 1
| #define HAVE_SYS_FILE_H 1
| #define HAVE_SYS_STAT_H 1
| #define HAVE_LINUX_INPUT_H 1
| /* end confdefs.h.  */
| 
|              #include <stdbool.h>
|              #ifndef bool
|               "error: bool is not defined"
|              #endif
|              #ifndef false
|               "error: false is not defined"
|              #endif
|              #if false
|               "error: false is not 0"
|              #endif
|              #ifndef true
|               "error: true is not defined"
|              #endif
|              #if true != 1
|               "error: true is not 1"
|              #endif
|              #ifndef __bool_true_false_are_defined
|               "error: __bool_true_false_are_defined is not defined"
|              #endif
| 
|              struct s { _Bool s: 1; _Bool t; } s;
| 
|              char a[true == 1 ? 1 : -1];
|              char b[false == 0 ? 1 : -1];
|              char c[__bool_true_false_are_defined == 1 ? 1 : -1];
|              char d[(bool) 0.5 == true ? 1 : -1];
|              /* See body of main program for 'e'.  */
|              char f[(_Bool) 0.0 == false ? 1 : -1];
|              char g[true];
|              char h[sizeof (_Bool)];
|              char i[sizeof s.t];
|              enum { j = false, k = true, l = false * true, m = true * 256 };
|              /* The following fails for
|                 HP aC++/ANSI C B3910B A.05.55 [Dec 04 2003]. */
|              _Bool n[m];
|              char o[sizeof n == m * sizeof n[0] ? 1 : -1];
|              char p[-1 - (_Bool) 0 < 0 && -1 - (bool) 0 < 0 ? 1 : -1];
|              /* Catch a bug in an HP-UX C compiler.  See
|                 http://gcc.gnu.org/ml/gcc-patches/2003-12/msg02303.html
|                 http://lists.gnu.org/archive/html/bug-coreutils/2005-11/msg00161.html
|               */
|              _Bool q = true;
|              _Bool *pq = &q;
| 
| int
| main ()
| {
| 
|              bool e = &s;
|              *pq |= q;
|              *pq |= ! q;
|              /* Refer to every declared value, to avoid compiler optimizations.  */
|              return (!a + !b + !c + !d + !e + !f + !g + !h + !i + !!j + !k + !!l
|                      + !m + !n + !o + !p + !q + !pq);
| 
|   ;
|   return 0;
| }
configure:4287: result: no
configure:4289: checking for _Bool
configure:4289: g++ -c -g -O2  conftest.cpp >&5
conftest.cpp: In function 'int main()':
conftest.cpp:74:13: error: '_Bool' was not declared in this scope
 if (sizeof (_Bool))
             ^~~~~
configure:4289: $? = 1
configure: failed program was:
| /* confdefs.h */
| #define PACKAGE_NAME "logkeys"
| #define PACKAGE_TARNAME "logkeys"
| #define PACKAGE_VERSION "0.1.1b-svn"
| #define PACKAGE_STRING "logkeys 0.1.1b-svn"
| #define PACKAGE_BUGREPORT "kerncece+logkeys@gmail.com"
| #define PACKAGE_URL "https://github.com/kernc/logkeys/"
| #define PACKAGE "logkeys"
| #define VERSION "0.1.1b-svn"
| #define EXE_GREP "/bin/grep"
| #define EXE_PS "/bin/ps"
| #define EXE_DUMPKEYS "/usr/bin/dumpkeys"
| #define STDC_HEADERS 1
| #define HAVE_SYS_TYPES_H 1
| #define HAVE_SYS_STAT_H 1
| #define HAVE_STDLIB_H 1
| #define HAVE_STRING_H 1
| #define HAVE_MEMORY_H 1
| #define HAVE_STRINGS_H 1
| #define HAVE_INTTYPES_H 1
| #define HAVE_STDINT_H 1
| #define HAVE_UNISTD_H 1
| #define HAVE_CSTDIO 1
| #define HAVE_CERRNO 1
| #define HAVE_CWCHAR 1
| #define HAVE_CSTRING 1
| #define HAVE_CASSERT 1
| #define HAVE_SSTREAM 1
| #define HAVE_CSTDLIB 1
| #define HAVE_CSIGNAL 1
| #define HAVE_ERROR_H 1
| #define HAVE_UNISTD_H 1
| #define HAVE_GETOPT_H 1
| #define HAVE_SYS_FILE_H 1
| #define HAVE_SYS_STAT_H 1
| #define HAVE_LINUX_INPUT_H 1
| /* end confdefs.h.  */
| #include <stdio.h>
| #ifdef HAVE_SYS_TYPES_H
| # include <sys/types.h>
| #endif
| #ifdef HAVE_SYS_STAT_H
| # include <sys/stat.h>
| #endif
| #ifdef STDC_HEADERS
| # include <stdlib.h>
| # include <stddef.h>
| #else
| # ifdef HAVE_STDLIB_H
| #  include <stdlib.h>
| # endif
| #endif
| #ifdef HAVE_STRING_H
| # if !defined STDC_HEADERS && defined HAVE_MEMORY_H
| #  include <memory.h>
| # endif
| # include <string.h>
| #endif
| #ifdef HAVE_STRINGS_H
| # include <strings.h>
| #endif
| #ifdef HAVE_INTTYPES_H
| # include <inttypes.h>
| #endif
| #ifdef HAVE_STDINT_H
| # include <stdint.h>
| #endif
| #ifdef HAVE_UNISTD_H
| # include <unistd.h>
| #endif
| int
| main ()
| {
| if (sizeof (_Bool))
| 	 return 0;
|   ;
|   return 0;
| }
configure:4289: result: no
configure:4306: checking for inline
configure:4322: g++ -c -g -O2  conftest.cpp >&5
configure:4322: $? = 0
configure:4330: result: inline
configure:4348: checking for pid_t
configure:4348: g++ -c -g -O2  conftest.cpp >&5
configure:4348: $? = 0
configure:4348: g++ -c -g -O2  conftest.cpp >&5
conftest.cpp: In function 'int main()':
conftest.cpp:74:19: error: expected primary-expression before ')' token
 if (sizeof ((pid_t)))
                   ^
configure:4348: $? = 1
configure: failed program was:
| /* confdefs.h */
| #define PACKAGE_NAME "logkeys"
| #define PACKAGE_TARNAME "logkeys"
| #define PACKAGE_VERSION "0.1.1b-svn"
| #define PACKAGE_STRING "logkeys 0.1.1b-svn"
| #define PACKAGE_BUGREPORT "kerncece+logkeys@gmail.com"
| #define PACKAGE_URL "https://github.com/kernc/logkeys/"
| #define PACKAGE "logkeys"
| #define VERSION "0.1.1b-svn"
| #define EXE_GREP "/bin/grep"
| #define EXE_PS "/bin/ps"
| #define EXE_DUMPKEYS "/usr/bin/dumpkeys"
| #define STDC_HEADERS 1
| #define HAVE_SYS_TYPES_H 1
| #define HAVE_SYS_STAT_H 1
| #define HAVE_STDLIB_H 1
| #define HAVE_STRING_H 1
| #define HAVE_MEMORY_H 1
| #define HAVE_STRINGS_H 1
| #define HAVE_INTTYPES_H 1
| #define HAVE_STDINT_H 1
| #define HAVE_UNISTD_H 1
| #define HAVE_CSTDIO 1
| #define HAVE_CERRNO 1
| #define HAVE_CWCHAR 1
| #define HAVE_CSTRING 1
| #define HAVE_CASSERT 1
| #define HAVE_SSTREAM 1
| #define HAVE_CSTDLIB 1
| #define HAVE_CSIGNAL 1
| #define HAVE_ERROR_H 1
| #define HAVE_UNISTD_H 1
| #define HAVE_GETOPT_H 1
| #define HAVE_SYS_FILE_H 1
| #define HAVE_SYS_STAT_H 1
| #define HAVE_LINUX_INPUT_H 1
| /* end confdefs.h.  */
| #include <stdio.h>
| #ifdef HAVE_SYS_TYPES_H
| # include <sys/types.h>
| #endif
| #ifdef HAVE_SYS_STAT_H
| # include <sys/stat.h>
| #endif
| #ifdef STDC_HEADERS
| # include <stdlib.h>
| # include <stddef.h>
| #else
| # ifdef HAVE_STDLIB_H
| #  include <stdlib.h>
| # endif
| #endif
| #ifdef HAVE_STRING_H
| # if !defined STDC_HEADERS && defined HAVE_MEMORY_H
| #  include <memory.h>
| # endif
| # include <string.h>
| #endif
| #ifdef HAVE_STRINGS_H
| # include <strings.h>
| #endif
| #ifdef HAVE_INTTYPES_H
| # include <inttypes.h>
| #endif
| #ifdef HAVE_STDINT_H
| # include <stdint.h>
| #endif
| #ifdef HAVE_UNISTD_H
| # include <unistd.h>
| #endif
| int
| main ()
| {
| if (sizeof ((pid_t)))
| 	    return 0;
|   ;
|   return 0;
| }
configure:4348: result: yes
configure:4359: checking for size_t
configure:4359: g++ -c -g -O2  conftest.cpp >&5
configure:4359: $? = 0
configure:4359: g++ -c -g -O2  conftest.cpp >&5
conftest.cpp: In function 'int main()':
conftest.cpp:74:20: error: expected primary-expression before ')' token
 if (sizeof ((size_t)))
                    ^
configure:4359: $? = 1
configure: failed program was:
| /* confdefs.h */
| #define PACKAGE_NAME "logkeys"
| #define PACKAGE_TARNAME "logkeys"
| #define PACKAGE_VERSION "0.1.1b-svn"
| #define PACKAGE_STRING "logkeys 0.1.1b-svn"
| #define PACKAGE_BUGREPORT "kerncece+logkeys@gmail.com"
| #define PACKAGE_URL "https://github.com/kernc/logkeys/"
| #define PACKAGE "logkeys"
| #define VERSION "0.1.1b-svn"
| #define EXE_GREP "/bin/grep"
| #define EXE_PS "/bin/ps"
| #define EXE_DUMPKEYS "/usr/bin/dumpkeys"
| #define STDC_HEADERS 1
| #define HAVE_SYS_TYPES_H 1
| #define HAVE_SYS_STAT_H 1
| #define HAVE_STDLIB_H 1
| #define HAVE_STRING_H 1
| #define HAVE_MEMORY_H 1
| #define HAVE_STRINGS_H 1
| #define HAVE_INTTYPES_H 1
| #define HAVE_STDINT_H 1
| #define HAVE_UNISTD_H 1
| #define HAVE_CSTDIO 1
| #define HAVE_CERRNO 1
| #define HAVE_CWCHAR 1
| #define HAVE_CSTRING 1
| #define HAVE_CASSERT 1
| #define HAVE_SSTREAM 1
| #define HAVE_CSTDLIB 1
| #define HAVE_CSIGNAL 1
| #define HAVE_ERROR_H 1
| #define HAVE_UNISTD_H 1
| #define HAVE_GETOPT_H 1
| #define HAVE_SYS_FILE_H 1
| #define HAVE_SYS_STAT_H 1
| #define HAVE_LINUX_INPUT_H 1
| /* end confdefs.h.  */
| #include <stdio.h>
| #ifdef HAVE_SYS_TYPES_H
| # include <sys/types.h>
| #endif
| #ifdef HAVE_SYS_STAT_H
| # include <sys/stat.h>
| #endif
| #ifdef STDC_HEADERS
| # include <stdlib.h>
| # include <stddef.h>
| #else
| # ifdef HAVE_STDLIB_H
| #  include <stdlib.h>
| # endif
| #endif
| #ifdef HAVE_STRING_H
| # if !defined STDC_HEADERS && defined HAVE_MEMORY_H
| #  include <memory.h>
| # endif
| # include <string.h>
| #endif
| #ifdef HAVE_STRINGS_H
| # include <strings.h>
| #endif
| #ifdef HAVE_INTTYPES_H
| # include <inttypes.h>
| #endif
| #ifdef HAVE_STDINT_H
| # include <stdint.h>
| #endif
| #ifdef HAVE_UNISTD_H
| # include <unistd.h>
| #endif
| int
| main ()
| {
| if (sizeof ((size_t)))
| 	    return 0;
|   ;
|   return 0;
| }
configure:4359: result: yes
configure:4373: checking for error_at_line
configure:4389: g++ -o conftest -g -O2   conftest.cpp  >&5
configure:4389: $? = 0
configure:4397: result: yes
configure:4410: checking vfork.h usability
configure:4410: g++ -c -g -O2  conftest.cpp >&5
conftest.cpp:71:19: fatal error: vfork.h: No such file or directory
 #include <vfork.h>
                   ^
compilation terminated.
configure:4410: $? = 1
configure: failed program was:
| /* confdefs.h */
| #define PACKAGE_NAME "logkeys"
| #define PACKAGE_TARNAME "logkeys"
| #define PACKAGE_VERSION "0.1.1b-svn"
| #define PACKAGE_STRING "logkeys 0.1.1b-svn"
| #define PACKAGE_BUGREPORT "kerncece+logkeys@gmail.com"
| #define PACKAGE_URL "https://github.com/kernc/logkeys/"
| #define PACKAGE "logkeys"
| #define VERSION "0.1.1b-svn"
| #define EXE_GREP "/bin/grep"
| #define EXE_PS "/bin/ps"
| #define EXE_DUMPKEYS "/usr/bin/dumpkeys"
| #define STDC_HEADERS 1
| #define HAVE_SYS_TYPES_H 1
| #define HAVE_SYS_STAT_H 1
| #define HAVE_STDLIB_H 1
| #define HAVE_STRING_H 1
| #define HAVE_MEMORY_H 1
| #define HAVE_STRINGS_H 1
| #define HAVE_INTTYPES_H 1
| #define HAVE_STDINT_H 1
| #define HAVE_UNISTD_H 1
| #define HAVE_CSTDIO 1
| #define HAVE_CERRNO 1
| #define HAVE_CWCHAR 1
| #define HAVE_CSTRING 1
| #define HAVE_CASSERT 1
| #define HAVE_SSTREAM 1
| #define HAVE_CSTDLIB 1
| #define HAVE_CSIGNAL 1
| #define HAVE_ERROR_H 1
| #define HAVE_UNISTD_H 1
| #define HAVE_GETOPT_H 1
| #define HAVE_SYS_FILE_H 1
| #define HAVE_SYS_STAT_H 1
| #define HAVE_LINUX_INPUT_H 1
| /* end confdefs.h.  */
| #include <stdio.h>
| #ifdef HAVE_SYS_TYPES_H
| # include <sys/types.h>
| #endif
| #ifdef HAVE_SYS_STAT_H
| # include <sys/stat.h>
| #endif
| #ifdef STDC_HEADERS
| # include <stdlib.h>
| # include <stddef.h>
| #else
| # ifdef HAVE_STDLIB_H
| #  include <stdlib.h>
| # endif
| #endif
| #ifdef HAVE_STRING_H
| # if !defined STDC_HEADERS && defined HAVE_MEMORY_H
| #  include <memory.h>
| # endif
| # include <string.h>
| #endif
| #ifdef HAVE_STRINGS_H
| # include <strings.h>
| #endif
| #ifdef HAVE_INTTYPES_H
| # include <inttypes.h>
| #endif
| #ifdef HAVE_STDINT_H
| # include <stdint.h>
| #endif
| #ifdef HAVE_UNISTD_H
| # include <unistd.h>
| #endif
| #include <vfork.h>
configure:4410: result: no
configure:4410: checking vfork.h presence
configure:4410: g++ -E  conftest.cpp
conftest.cpp:38:19: fatal error: vfork.h: No such file or directory
 #include <vfork.h>
                   ^
compilation terminated.
configure:4410: $? = 1
configure: failed program was:
| /* confdefs.h */
| #define PACKAGE_NAME "logkeys"
| #define PACKAGE_TARNAME "logkeys"
| #define PACKAGE_VERSION "0.1.1b-svn"
| #define PACKAGE_STRING "logkeys 0.1.1b-svn"
| #define PACKAGE_BUGREPORT "kerncece+logkeys@gmail.com"
| #define PACKAGE_URL "https://github.com/kernc/logkeys/"
| #define PACKAGE "logkeys"
| #define VERSION "0.1.1b-svn"
| #define EXE_GREP "/bin/grep"
| #define EXE_PS "/bin/ps"
| #define EXE_DUMPKEYS "/usr/bin/dumpkeys"
| #define STDC_HEADERS 1
| #define HAVE_SYS_TYPES_H 1
| #define HAVE_SYS_STAT_H 1
| #define HAVE_STDLIB_H 1
| #define HAVE_STRING_H 1
| #define HAVE_MEMORY_H 1
| #define HAVE_STRINGS_H 1
| #define HAVE_INTTYPES_H 1
| #define HAVE_STDINT_H 1
| #define HAVE_UNISTD_H 1
| #define HAVE_CSTDIO 1
| #define HAVE_CERRNO 1
| #define HAVE_CWCHAR 1
| #define HAVE_CSTRING 1
| #define HAVE_CASSERT 1
| #define HAVE_SSTREAM 1
| #define HAVE_CSTDLIB 1
| #define HAVE_CSIGNAL 1
| #define HAVE_ERROR_H 1
| #define HAVE_UNISTD_H 1
| #define HAVE_GETOPT_H 1
| #define HAVE_SYS_FILE_H 1
| #define HAVE_SYS_STAT_H 1
| #define HAVE_LINUX_INPUT_H 1
| /* end confdefs.h.  */
| #include <vfork.h>
configure:4410: result: no
configure:4410: checking for vfork.h
configure:4410: result: no
configure:4423: checking for fork
configure:4423: g++ -o conftest -g -O2   conftest.cpp  >&5
configure:4423: $? = 0
configure:4423: result: yes
configure:4423: checking for vfork
configure:4423: g++ -o conftest -g -O2   conftest.cpp  >&5
configure:4423: $? = 0
configure:4423: result: yes
configure:4433: checking for working fork
configure:4455: g++ -o conftest -g -O2   conftest.cpp  >&5
configure:4455: $? = 0
configure:4455: ./conftest
configure:4455: $? = 0
configure:4465: result: yes
configure:4486: checking for working vfork
configure:4596: result: yes
configure:4624: checking for geteuid
configure:4624: g++ -o conftest -g -O2   conftest.cpp  >&5
configure:4624: $? = 0
configure:4624: result: yes
configure:4624: checking for error
configure:4624: g++ -o conftest -g -O2   conftest.cpp  >&5
configure:4624: $? = 0
configure:4624: result: yes
configure:4624: checking for error_at_line
configure:4624: g++ -o conftest -g -O2   conftest.cpp  >&5
configure:4624: $? = 0
configure:4624: result: yes
configure:4624: checking for exit
configure:4624: g++ -o conftest -g -O2   conftest.cpp  >&5
configure:4624: $? = 0
configure:4624: result: yes
configure:4624: checking for on_exit
configure:4624: g++ -o conftest -g -O2   conftest.cpp  >&5
configure:4624: $? = 0
configure:4624: result: yes
configure:4624: checking for memset
configure:4624: g++ -o conftest -g -O2   conftest.cpp  >&5
configure:4624: $? = 0
configure:4624: result: yes
configure:4624: checking for setlocale
configure:4624: g++ -o conftest -g -O2   conftest.cpp  >&5
configure:4624: $? = 0
configure:4624: result: yes
configure:4624: checking for strerror
configure:4624: g++ -o conftest -g -O2   conftest.cpp  >&5
configure:4624: $? = 0
configure:4624: result: yes
configure:4624: checking for fprintf
configure:4624: g++ -o conftest -g -O2   conftest.cpp  >&5
configure:4624: $? = 0
configure:4624: result: yes
configure:4624: checking for getopt_long
configure:4624: g++ -o conftest -g -O2   conftest.cpp  >&5
configure:4624: $? = 0
configure:4624: result: yes
configure:4624: checking for fopen
configure:4624: g++ -o conftest -g -O2   conftest.cpp  >&5
configure:4624: $? = 0
configure:4624: result: yes
configure:4624: checking for sscanf
configure:4624: g++ -o conftest -g -O2   conftest.cpp  >&5
configure:4624: $? = 0
configure:4624: result: yes
configure:4624: checking for fscanf
configure:4624: g++ -o conftest -g -O2   conftest.cpp  >&5
configure:4624: $? = 0
configure:4624: result: yes
configure:4624: checking for getpid
configure:4624: g++ -o conftest -g -O2   conftest.cpp  >&5
configure:4624: $? = 0
configure:4624: result: yes
configure:4624: checking for getuid
configure:4624: g++ -o conftest -g -O2   conftest.cpp  >&5
configure:4624: $? = 0
configure:4624: result: yes
configure:4624: checking for getgid
configure:4624: g++ -o conftest -g -O2   conftest.cpp  >&5
configure:4624: $? = 0
configure:4624: result: yes
configure:4624: checking for fclose
configure:4624: g++ -o conftest -g -O2   conftest.cpp  >&5
configure:4624: $? = 0
configure:4624: result: yes
configure:4624: checking for remove
configure:4624: g++ -o conftest -g -O2   conftest.cpp  >&5
configure:4624: $? = 0
configure:4624: result: yes
configure:4624: checking for kill
configure:4624: g++ -o conftest -g -O2   conftest.cpp  >&5
configure:4624: $? = 0
configure:4624: result: yes
configure:4624: checking for strlen
configure:4624: g++ -o conftest -g -O2   conftest.cpp  >&5
configure:4624: $? = 0
configure:4624: result: yes
configure:4624: checking for strcat
configure:4624: g++ -o conftest -g -O2   conftest.cpp  >&5
configure:4624: $? = 0
configure:4624: result: yes
configure:4624: checking for strcpy
configure:4624: g++ -o conftest -g -O2   conftest.cpp  >&5
configure:4624: $? = 0
configure:4624: result: yes
configure:4624: checking for strncat
configure:4624: g++ -o conftest -g -O2   conftest.cpp  >&5
configure:4624: $? = 0
configure:4624: result: yes
configure:4624: checking for freopen
configure:4624: g++ -o conftest -g -O2   conftest.cpp  >&5
configure:4624: $? = 0
configure:4624: result: yes
configure:4624: checking for feof
configure:4624: g++ -o conftest -g -O2   conftest.cpp  >&5
configure:4624: $? = 0
configure:4624: result: yes
configure:4624: checking for fgets
configure:4624: g++ -o conftest -g -O2   conftest.cpp  >&5
configure:4624: $? = 0
configure:4624: result: yes
configure:4624: checking for atoi
configure:4624: g++ -o conftest -g -O2   conftest.cpp  >&5
configure:4624: $? = 0
configure:4624: result: yes
configure:4624: checking for sigaction
configure:4624: g++ -o conftest -g -O2   conftest.cpp  >&5
configure:4624: $? = 0
configure:4624: result: yes
configure:4624: checking for fork
configure:4624: result: yes
configure:4624: checking for setsid
configure:4624: g++ -o conftest -g -O2   conftest.cpp  >&5
configure:4624: $? = 0
configure:4624: result: yes
configure:4624: checking for open
configure:4624: g++ -o conftest -g -O2   conftest.cpp  >&5
configure:4624: $? = 0
configure:4624: result: yes
configure:4624: checking for close
configure:4624: g++ -o conftest -g -O2   conftest.cpp  >&5
configure:4624: $? = 0
configure:4624: result: yes
configure:4624: checking for flock
configure:4624: g++ -o conftest -g -O2   conftest.cpp  >&5
configure:4624: $? = 0
configure:4624: result: yes
configure:4624: checking for write
configure:4624: g++ -o conftest -g -O2   conftest.cpp  >&5
configure:4624: $? = 0
configure:4624: result: yes
configure:4624: checking for umask
configure:4624: g++ -o conftest -g -O2   conftest.cpp  >&5
configure:4624: $? = 0
configure:4624: result: yes
configure:4624: checking for setegid
configure:4624: g++ -o conftest -g -O2   conftest.cpp  >&5
configure:4624: $? = 0
configure:4624: result: yes
configure:4624: checking for seteuid
configure:4624: g++ -o conftest -g -O2   conftest.cpp  >&5
configure:4624: $? = 0
configure:4624: result: yes
configure:4624: checking for strftime
configure:4624: g++ -o conftest -g -O2   conftest.cpp  >&5
configure:4624: $? = 0
configure:4624: result: yes
configure:4624: checking for localtime
configure:4624: g++ -o conftest -g -O2   conftest.cpp  >&5
configure:4624: $? = 0
configure:4624: result: yes
configure:4624: checking for fflush
configure:4624: g++ -o conftest -g -O2   conftest.cpp  >&5
configure:4624: $? = 0
configure:4624: result: yes
configure:4624: checking for read
configure:4624: g++ -o conftest -g -O2   conftest.cpp  >&5
configure:4624: $? = 0
configure:4624: result: yes
configure:4624: checking for time
configure:4624: g++ -o conftest -g -O2   conftest.cpp  >&5
configure:4624: $? = 0
configure:4624: result: yes
configure:4624: checking for fgetws
configure:4624: g++ -o conftest -g -O2   conftest.cpp  >&5
configure:4624: $? = 0
configure:4624: result: yes
configure:4624: checking for wcslen
configure:4624: g++ -o conftest -g -O2   conftest.cpp  >&5
configure:4624: $? = 0
configure:4624: result: yes
configure:4624: checking for swscanf
configure:4624: g++ -o conftest -g -O2   conftest.cpp  >&5
configure:4624: $? = 0
configure:4624: result: yes
configure:4624: checking for wcscpy
configure:4624: g++ -o conftest -g -O2   conftest.cpp  >&5
configure:4624: $? = 0
configure:4624: result: yes
configure:4624: checking for popen
configure:4624: g++ -o conftest -g -O2   conftest.cpp  >&5
configure:4624: $? = 0
configure:4624: result: yes
configure:4624: checking for pclose
configure:4624: g++ -o conftest -g -O2   conftest.cpp  >&5
configure:4624: $? = 0
configure:4624: result: yes
configure:4748: checking that generated files are newer than configure
configure:4754: result: done
configure:4777: creating ./config.status

## ---------------------- ##
## Running config.status. ##
## ---------------------- ##

This file was extended by logkeys config.status 0.1.1b-svn, which was
generated by GNU Autoconf 2.69.  Invocation command line was

  CONFIG_FILES    = 
  CONFIG_HEADERS  = 
  CONFIG_LINKS    = 
  CONFIG_COMMANDS = 
  $ ./config.status 

on mugsy00

config.status:930: creating Makefile
config.status:930: creating src/Makefile
config.status:930: creating man/Makefile
config.status:930: creating scripts/Makefile
config.status:930: creating config.h
config.status:1096: config.h is unchanged
config.status:1144: executing depfiles commands

## ---------------- ##
## Cache variables. ##
## ---------------- ##

ac_cv_c_inline=inline
ac_cv_cxx_compiler_gnu=yes
ac_cv_env_CCC_set=
ac_cv_env_CCC_value=
ac_cv_env_CPPFLAGS_set=
ac_cv_env_CPPFLAGS_value=
ac_cv_env_CXXCPP_set=
ac_cv_env_CXXCPP_value=
ac_cv_env_CXXFLAGS_set=
ac_cv_env_CXXFLAGS_value=
ac_cv_env_CXX_set=
ac_cv_env_CXX_value=
ac_cv_env_LDFLAGS_set=
ac_cv_env_LDFLAGS_value=
ac_cv_env_LIBS_set=
ac_cv_env_LIBS_value=
ac_cv_env_build_alias_set=
ac_cv_env_build_alias_value=
ac_cv_env_host_alias_set=
ac_cv_env_host_alias_value=
ac_cv_env_target_alias_set=
ac_cv_env_target_alias_value=
ac_cv_file__dev_input=yes
ac_cv_file__proc_bus_input_devices=yes
ac_cv_func_atoi=yes
ac_cv_func_close=yes
ac_cv_func_error=yes
ac_cv_func_error_at_line=yes
ac_cv_func_exit=yes
ac_cv_func_fclose=yes
ac_cv_func_feof=yes
ac_cv_func_fflush=yes
ac_cv_func_fgets=yes
ac_cv_func_fgetws=yes
ac_cv_func_flock=yes
ac_cv_func_fopen=yes
ac_cv_func_fork=yes
ac_cv_func_fork_works=yes
ac_cv_func_fprintf=yes
ac_cv_func_freopen=yes
ac_cv_func_fscanf=yes
ac_cv_func_geteuid=yes
ac_cv_func_getgid=yes
ac_cv_func_getopt_long=yes
ac_cv_func_getpid=yes
ac_cv_func_getuid=yes
ac_cv_func_kill=yes
ac_cv_func_localtime=yes
ac_cv_func_memset=yes
ac_cv_func_on_exit=yes
ac_cv_func_open=yes
ac_cv_func_pclose=yes
ac_cv_func_popen=yes
ac_cv_func_read=yes
ac_cv_func_remove=yes
ac_cv_func_setegid=yes
ac_cv_func_seteuid=yes
ac_cv_func_setlocale=yes
ac_cv_func_setsid=yes
ac_cv_func_sigaction=yes
ac_cv_func_sscanf=yes
ac_cv_func_strcat=yes
ac_cv_func_strcpy=yes
ac_cv_func_strerror=yes
ac_cv_func_strftime=yes
ac_cv_func_strlen=yes
ac_cv_func_strncat=yes
ac_cv_func_swscanf=yes
ac_cv_func_time=yes
ac_cv_func_umask=yes
ac_cv_func_vfork=yes
ac_cv_func_vfork_works=yes
ac_cv_func_wcscpy=yes
ac_cv_func_wcslen=yes
ac_cv_func_write=yes
ac_cv_header_cassert=yes
ac_cv_header_cerrno=yes
ac_cv_header_csignal=yes
ac_cv_header_cstdio=yes
ac_cv_header_cstdlib=yes
ac_cv_header_cstring=yes
ac_cv_header_cwchar=yes
ac_cv_header_error_h=yes
ac_cv_header_getopt_h=yes
ac_cv_header_inttypes_h=yes
ac_cv_header_linux_input_h=yes
ac_cv_header_memory_h=yes
ac_cv_header_sstream=yes
ac_cv_header_stdbool_h=no
ac_cv_header_stdc=yes
ac_cv_header_stdint_h=yes
ac_cv_header_stdlib_h=yes
ac_cv_header_string_h=yes
ac_cv_header_strings_h=yes
ac_cv_header_sys_file_h=yes
ac_cv_header_sys_stat_h=yes
ac_cv_header_sys_types_h=yes
ac_cv_header_unistd_h=yes
ac_cv_header_vfork_h=no
ac_cv_lib_error_at_line=yes
ac_cv_objext=o
ac_cv_path_EGREP='/bin/grep -E'
ac_cv_path_GREP=/bin/grep
ac_cv_path_install='/usr/bin/install -c'
ac_cv_path_mkdir=/bin/mkdir
ac_cv_prog_AWK=gawk
ac_cv_prog_CXXCPP='g++ -E'
ac_cv_prog_FOUND_DUMPKEYS=yes
ac_cv_prog_FOUND_GREP=yes
ac_cv_prog_FOUND_PS=yes
ac_cv_prog_FOUND_WHICH=yes
ac_cv_prog_ac_ct_CXX=g++
ac_cv_prog_cxx_g=yes
ac_cv_prog_make_make_set=yes
ac_cv_type__Bool=no
ac_cv_type_pid_t=yes
ac_cv_type_size_t=yes
am_cv_CXX_dependencies_compiler_type=gcc3
am_cv_make_support_nested_variables=yes

## ----------------- ##
## Output variables. ##
## ----------------- ##

ACLOCAL='aclocal-1.15'
AMDEPBACKSLASH='\'
AMDEP_FALSE='#'
AMDEP_TRUE=''
AMTAR='$${TAR-tar}'
AM_BACKSLASH='\'
AM_DEFAULT_V='$(AM_DEFAULT_VERBOSITY)'
AM_DEFAULT_VERBOSITY='1'
AM_V='$(V)'
AUTOCONF='autoconf'
AUTOHEADER='autoheader'
AUTOMAKE='automake-1.15'
AWK='gawk'
CPPFLAGS=''
CXX='g++'
CXXCPP='g++ -E'
CXXDEPMODE='depmode=gcc3'
CXXFLAGS='-g -O2'
CYGPATH_W='echo'
DEFS='-DHAVE_CONFIG_H'
DEPDIR='.deps'
ECHO_C=''
ECHO_N='-n'
ECHO_T=''
EGREP='/bin/grep -E'
EXEEXT=''
FOUND_DUMPKEYS='yes'
FOUND_GREP='yes'
FOUND_PS='yes'
FOUND_WHICH='yes'
GREP='/bin/grep'
INSTALL_DATA='${INSTALL} -m 644'
INSTALL_PROGRAM='${INSTALL}'
INSTALL_SCRIPT='${INSTALL}'
INSTALL_STRIP_PROGRAM='$(install_sh) -c -s'
LDFLAGS=''
LIBOBJS=''
LIBS=''
LTLIBOBJS=''
MAKEINFO='makeinfo'
MKDIR_P='/bin/mkdir -p'
OBJEXT='o'
PACKAGE='logkeys'
PACKAGE_BUGREPORT='kerncece+logkeys@gmail.com'
PACKAGE_NAME='logkeys'
PACKAGE_STRING='logkeys 0.1.1b-svn'
PACKAGE_TARNAME='logkeys'
PACKAGE_URL='https://github.com/kernc/logkeys/'
PACKAGE_VERSION='0.1.1b-svn'
PATH_SEPARATOR=':'
SET_MAKE=''
SHELL='/bin/bash'
STRIP=''
VERSION='0.1.1b-svn'
ac_ct_CXX='g++'
am__EXEEXT_FALSE=''
am__EXEEXT_TRUE='#'
am__fastdepCXX_FALSE='#'
am__fastdepCXX_TRUE=''
am__include='include'
am__isrc=' -I$(srcdir)'
am__leading_dot='.'
am__nodep='_no'
am__quote=''
am__tar='$${TAR-tar} chof - "$$tardir"'
am__untar='$${TAR-tar} xf -'
bindir='${exec_prefix}/bin'
build_alias=''
datadir='${datarootdir}'
datarootdir='${prefix}/share'
docdir='${datarootdir}/doc/${PACKAGE_TARNAME}'
dvidir='${docdir}'
exec_prefix='${prefix}'
host_alias=''
htmldir='${docdir}'
includedir='${prefix}/include'
infodir='${datarootdir}/info'
install_sh='${SHELL} /var/mugsy/decaf/helpers/key/logkeys/install-sh'
libdir='${exec_prefix}/lib'
libexecdir='${exec_prefix}/libexec'
localedir='${datarootdir}/locale'
localstatedir='${prefix}/var'
mandir='${datarootdir}/man'
mkdir_p='$(MKDIR_P)'
oldincludedir='/usr/include'
pdfdir='${docdir}'
prefix='/usr/local'
program_transform_name='s,x,x,'
psdir='${docdir}'
runstatedir='${localstatedir}/run'
sbindir='${exec_prefix}/sbin'
sharedstatedir='${prefix}/com'
sysconfdir='${prefix}/etc'
target_alias=''

## ----------- ##
## confdefs.h. ##
## ----------- ##

/* confdefs.h */
#define PACKAGE_NAME "logkeys"
#define PACKAGE_TARNAME "logkeys"
#define PACKAGE_VERSION "0.1.1b-svn"
#define PACKAGE_STRING "logkeys 0.1.1b-svn"
#define PACKAGE_BUGREPORT "kerncece+logkeys@gmail.com"
#define PACKAGE_URL "https://github.com/kernc/logkeys/"
#define PACKAGE "logkeys"
#define VERSION "0.1.1b-svn"
#define EXE_GREP "/bin/grep"
#define EXE_PS "/bin/ps"
#define EXE_DUMPKEYS "/usr/bin/dumpkeys"
#define STDC_HEADERS 1
#define HAVE_SYS_TYPES_H 1
#define HAVE_SYS_STAT_H 1
#define HAVE_STDLIB_H 1
#define HAVE_STRING_H 1
#define HAVE_MEMORY_H 1
#define HAVE_STRINGS_H 1
#define HAVE_INTTYPES_H 1
#define HAVE_STDINT_H 1
#define HAVE_UNISTD_H 1
#define HAVE_CSTDIO 1
#define HAVE_CERRNO 1
#define HAVE_CWCHAR 1
#define HAVE_CSTRING 1
#define HAVE_CASSERT 1
#define HAVE_SSTREAM 1
#define HAVE_CSTDLIB 1
#define HAVE_CSIGNAL 1
#define HAVE_ERROR_H 1
#define HAVE_UNISTD_H 1
#define HAVE_GETOPT_H 1
#define HAVE_SYS_FILE_H 1
#define HAVE_SYS_STAT_H 1
#define HAVE_LINUX_INPUT_H 1
#define HAVE_FORK 1
#define HAVE_VFORK 1
#define HAVE_WORKING_VFORK 1
#define HAVE_WORKING_FORK 1
#define HAVE_GETEUID 1
#define HAVE_ERROR 1
#define HAVE_ERROR_AT_LINE 1
#define HAVE_EXIT 1
#define HAVE_ON_EXIT 1
#define HAVE_MEMSET 1
#define HAVE_SETLOCALE 1
#define HAVE_STRERROR 1
#define HAVE_FPRINTF 1
#define HAVE_GETOPT_LONG 1
#define HAVE_FOPEN 1
#define HAVE_SSCANF 1
#define HAVE_FSCANF 1
#define HAVE_GETPID 1
#define HAVE_GETUID 1
#define HAVE_GETGID 1
#define HAVE_FCLOSE 1
#define HAVE_REMOVE 1
#define HAVE_KILL 1
#define HAVE_STRLEN 1
#define HAVE_STRCAT 1
#define HAVE_STRCPY 1
#define HAVE_STRNCAT 1
#define HAVE_FREOPEN 1
#define HAVE_FEOF 1
#define HAVE_FGETS 1
#define HAVE_ATOI 1
#define HAVE_SIGACTION 1
#define HAVE_FORK 1
#define HAVE_SETSID 1
#define HAVE_OPEN 1
#define HAVE_CLOSE 1
#define HAVE_FLOCK 1
#define HAVE_WRITE 1
#define HAVE_UMASK 1
#define HAVE_SETEGID 1
#define HAVE_SETEUID 1
#define HAVE_STRFTIME 1
#define HAVE_LOCALTIME 1
#define HAVE_FFLUSH 1
#define HAVE_READ 1
#define HAVE_TIME 1
#define HAVE_FGETWS 1
#define HAVE_WCSLEN 1
#define HAVE_SWSCANF 1
#define HAVE_WCSCPY 1
#define HAVE_POPEN 1
#define HAVE_PCLOSE 1

configure: exit 0
